Arguments: 
  D:\soft\node\node.exe C:\Program Files (x86)\Yarn\bin\yarn.js add pixi-multistyle-text

PATH: 
  C:\Program Files (x86)\Common Files\Oracle\Java\javapath;C:\Program Files (x86)\Intel\iCLS Client\;C:\Program Files\Intel\iCLS Client\;C:\Windows\system32;C:\Windows;C:\Windows\System32\Wbem;C:\Windows\System32\WindowsPowerShell\v1.0\;C:\Program Files (x86)\Intel\Intel(R) Management Engine Components\DAL;C:\Program Files\Intel\Intel(R) Management Engine Components\DAL;C:\Program Files (x86)\Intel\Intel(R) Management Engine Components\IPT;C:\Program Files\Intel\Intel(R) Management Engine Components\IPT;C:\Program Files (x86)\NVIDIA Corporation\PhysX\Common;C:\WINDOWS\system32;C:\WINDOWS;C:\WINDOWS\System32\Wbem;C:\WINDOWS\System32\WindowsPowerShell\v1.0\;C:\WINDOWS\System32\OpenSSH\;C:\Program Files (x86)\Yarn\bin\;D:\maven\apache-maven-3.6.3\bin;E:\Git\bin;D:\language\protobuf-3.13.0\bin;C:\Program Files\MongoDB\Server\4.4\bin;C:\Program Files\Docker\Docker\resources\bin;C:\ProgramData\DockerDesktop\version-bin;C:\Program Files (x86)\Reference Assemblies\Microsoft\Framework\.NETFramework\v4.7.1;D:\soft\Git\cmd;D:\soft\node\;D:\soft\redis;D:\Anaconda;D:\Anaconda\Library\mingw-w64\bin;D:\Anaconda\Library\usr\bin;D:\Anaconda\Library\bin;D:\Anaconda\Scripts;C:\Users\L_98B\AppData\Local\Programs\Python\Python39-32\Scripts\;C:\Users\L_98B\AppData\Local\Programs\Python\Python39-32\;C:\Users\L_98B\AppData\Local\Microsoft\WindowsApps;C:\Users\L_98B\AppData\Local\Yarn\bin;E:\Git\bin;C:\Go\bin;D:\soft\DevEco Studio\bin;;C:\Users\L_98B\.dotnet\tools;D:\soft\Microsoft VS Code\bin;C:\Users\L_98B\AppData\Roaming\npm

Yarn version: 
  1.22.4

Node version: 
  14.16.0

Platform: 
  win32 x64

Trace: 
  Error: EPERM: operation not permitted, unlink 'D:\code\pixi\node_modules\esbuild\esbuild.exe'

npm manifest: 
  {
    "name": "pixi",
    "version": "0.0.0",
    "scripts": {
      "dev": "vite",
      "build": "vite build",
      "serve": "vite preview"
    },
    "dependencies": {
      "mitt": "^2.1.0",
      "pixi-text-input": "^1.0.6",
      "pixi.js": "^6.0.0",
      "vue": "^3.0.5"
    },
    "devDependencies": {
      "@vitejs/plugin-vue": "^1.1.5",
      "@vue/compiler-sfc": "^3.0.5",
      "typescript": "^4.1.3",
      "vite": "^2.0.5"
    }
  }

yarn manifest: 
  No manifest

Lockfile: 
  # THIS IS AN AUTOGENERATED FILE. DO NOT EDIT THIS FILE DIRECTLY.
  # yarn lockfile v1
  
  
  "@babel/helper-validator-identifier@^7.12.11":
    version "7.12.11"
    resolved "https://r.cnpmjs.org/@babel/helper-validator-identifier/download/@babel/helper-validator-identifier-7.12.11.tgz#c9a1f021917dcb5ccf0d4e453e399022981fc9ed"
    integrity sha1-yaHwIZF9y1zPDU5FPjmQIpgfye0=
  
  "@babel/parser@^7.12.0":
    version "7.13.9"
    resolved "https://r.cnpmjs.org/@babel/parser/download/@babel/parser-7.13.9.tgz#ca34cb95e1c2dd126863a84465ae8ef66114be99"
    integrity sha1-yjTLleHC3RJoY6hEZa6O9mEUvpk=
  
  "@babel/types@^7.12.0":
    version "7.13.0"
    resolved "https://r.cnpmjs.org/@babel/types/download/@babel/types-7.13.0.tgz#74424d2816f0171b4100f0ab34e9a374efdf7f80"
    integrity sha1-dEJNKBbwFxtBAPCrNOmjdO/ff4A=
    dependencies:
      "@babel/helper-validator-identifier" "^7.12.11"
      lodash "^4.17.19"
      to-fast-properties "^2.0.0"
  
  "@pixi/accessibility@6.0.0":
    version "6.0.0"
    resolved "https://r.cnpmjs.org/@pixi/accessibility/download/@pixi/accessibility-6.0.0.tgz#e41d73688c4d7184a4a1966fff638ecc80bc4c94"
    integrity sha1-5B1zaIxNcYSkoZZv/2OOzIC8TJQ=
    dependencies:
      "@pixi/canvas-renderer" "6.0.0"
      "@pixi/core" "6.0.0"
      "@pixi/display" "6.0.0"
      "@pixi/utils" "6.0.0"
  
  "@pixi/app@6.0.0":
    version "6.0.0"
    resolved "https://r.cnpmjs.org/@pixi/app/download/@pixi/app-6.0.0.tgz#b3391587fb9a93d80ee8f6405516664ab13c5482"
    integrity sha1-szkVh/uak9gO6PZAVRZmSrE8VII=
    dependencies:
      "@pixi/core" "6.0.0"
      "@pixi/display" "6.0.0"
  
  "@pixi/canvas-renderer@6.0.0":
    version "6.0.0"
    resolved "https://r.cnpmjs.org/@pixi/canvas-renderer/download/@pixi/canvas-renderer-6.0.0.tgz#ca38dc9f1b760e71ab8fc12637eae2f744ed6302"
    integrity sha1-yjjcnxt2DnGrj8EmN+ri90TtYwI=
    dependencies:
      "@pixi/constants" "6.0.0"
      "@pixi/core" "6.0.0"
      "@pixi/math" "6.0.0"
      "@pixi/settings" "6.0.0"
      "@pixi/utils" "6.0.0"
  
  "@pixi/compressed-textures@6.0.0":
    version "6.0.0"
    resolved "https://r.cnpmjs.org/@pixi/compressed-textures/download/@pixi/compressed-textures-6.0.0.tgz#3ac7328955f242679d72e50078c06ab0255571ac"
    integrity sha1-OscyiVXyQmedcuUAeMBqsCVVcaw=
    dependencies:
      "@pixi/constants" "6.0.0"
      "@pixi/core" "6.0.0"
      "@pixi/loaders" "6.0.0"
  
  "@pixi/constants@6.0.0":
    version "6.0.0"
    resolved "https://r.cnpmjs.org/@pixi/constants/download/@pixi/constants-6.0.0.tgz#5ba5e99d57e5fc582103a105aac837935a04ba5f"
    integrity sha1-W6XpnVfl/FghA6EFqsg3k1oEul8=
  
  "@pixi/core@6.0.0":
    version "6.0.0"
    resolved "https://r.cnpmjs.org/@pixi/core/download/@pixi/core-6.0.0.tgz#bcbc0a09f520b4c34bcdb167f9c5ae314a3fd613"
    integrity sha1-vLwKCfUgtMNLzbFn+cWuMUo/1hM=
    dependencies:
      "@pixi/constants" "6.0.0"
      "@pixi/math" "6.0.0"
      "@pixi/runner" "6.0.0"
      "@pixi/settings" "6.0.0"
      "@pixi/ticker" "6.0.0"
      "@pixi/utils" "6.0.0"
  
  "@pixi/display@6.0.0":
    version "6.0.0"
    resolved "https://r.cnpmjs.org/@pixi/display/download/@pixi/display-6.0.0.tgz#409a21828004cba6c8d729e11f28de8cbd141314"
    integrity sha1-QJohgoAEy6bI1ynhHyjejL0UExQ=
    dependencies:
      "@pixi/math" "6.0.0"
      "@pixi/settings" "6.0.0"
      "@pixi/utils" "6.0.0"
  
  "@pixi/extract@6.0.0":
    version "6.0.0"
    resolved "https://r.cnpmjs.org/@pixi/extract/download/@pixi/extract-6.0.0.tgz#cf2dee657f6f65c8c2096344078e18c0ce640c0a"
    integrity sha1-zy3uZX9vZcjCCWNEB44YwM5kDAo=
    dependencies:
      "@pixi/core" "6.0.0"
      "@pixi/math" "6.0.0"
      "@pixi/utils" "6.0.0"
  
  "@pixi/filter-alpha@6.0.0":
    version "6.0.0"
    resolved "https://r.cnpmjs.org/@pixi/filter-alpha/download/@pixi/filter-alpha-6.0.0.tgz#d0c6096a11928cd85c64713346df4de0975332b1"
    integrity sha1-0MYJahGSjNhcZHEzRt9N4JdTMrE=
    dependencies:
      "@pixi/core" "6.0.0"
  
  "@pixi/filter-blur@6.0.0":
    version "6.0.0"
    resolved "https://r.cnpmjs.org/@pixi/filter-blur/download/@pixi/filter-blur-6.0.0.tgz#7d6eae681080a93cacdf0373ea754dd28b25e823"
    integrity sha1-fW6uaBCAqTys3wNz6nVN0osl6CM=
    dependencies:
      "@pixi/core" "6.0.0"
      "@pixi/settings" "6.0.0"
  
  "@pixi/filter-color-matrix@6.0.0":
    version "6.0.0"
    resolved "https://r.cnpmjs.org/@pixi/filter-color-matrix/download/@pixi/filter-color-matrix-6.0.0.tgz#c1825feb03e74cabb0d23765db82188e873b4d8a"
    integrity sha1-wYJf6wPnTKuw0jdl24IYjoc7TYo=
    dependencies:
      "@pixi/core" "6.0.0"
  
  "@pixi/filter-displacement@6.0.0":
    version "6.0.0"
    resolved "https://r.cnpmjs.org/@pixi/filter-displacement/download/@pixi/filter-displacement-6.0.0.tgz#22e2331bf6373bf3755cf5590ab639c5a8899ae6"
    integrity sha1-IuIzG/Y3O/N1XPVZCrY5xaiJmuY=
    dependencies:
      "@pixi/core" "6.0.0"
      "@pixi/math" "6.0.0"
  
  "@pixi/filter-fxaa@6.0.0":
    version "6.0.0"
    resolved "https://r.cnpmjs.org/@pixi/filter-fxaa/download/@pixi/filter-fxaa-6.0.0.tgz#b9db27775a39387145f3dcff9d50c01f830baec7"
    integrity sha1-udsnd1o5OHFF89z/nVDAH4MLrsc=
    dependencies:
      "@pixi/core" "6.0.0"
  
  "@pixi/filter-noise@6.0.0":
    version "6.0.0"
    resolved "https://r.cnpmjs.org/@pixi/filter-noise/download/@pixi/filter-noise-6.0.0.tgz#b2bc0bccb96923e5bd9f2dc4841092f28e9c65f6"
    integrity sha1-srwLzLlpI+W9ny3EhBCS8o6cZfY=
    dependencies:
      "@pixi/core" "6.0.0"
  
  "@pixi/graphics@6.0.0":
    version "6.0.0"
    resolved "https://r.cnpmjs.org/@pixi/graphics/download/@pixi/graphics-6.0.0.tgz#aef76f9772dea1e54a149e04f43f5f2fed68f355"
    integrity sha1-rvdvl3LeoeVKFJ4E9D9fL+1o81U=
    dependencies:
      "@pixi/constants" "6.0.0"
      "@pixi/core" "6.0.0"
      "@pixi/display" "6.0.0"
      "@pixi/math" "6.0.0"
      "@pixi/sprite" "6.0.0"
      "@pixi/utils" "6.0.0"
  
  "@pixi/interaction@6.0.0":
    version "6.0.0"
    resolved "https://r.cnpmjs.org/@pixi/interaction/download/@pixi/interaction-6.0.0.tgz#917f3b344b2d54fe9562b009f4ebe2ca888acfe5"
    integrity sha1-kX87NEstVP6VYrAJ9OviyoiKz+U=
    dependencies:
      "@pixi/core" "6.0.0"
      "@pixi/display" "6.0.0"
      "@pixi/math" "6.0.0"
      "@pixi/ticker" "6.0.0"
      "@pixi/utils" "6.0.0"
  
  "@pixi/loaders@6.0.0":
    version "6.0.0"
    resolved "https://r.cnpmjs.org/@pixi/loaders/download/@pixi/loaders-6.0.0.tgz#f772c4456faff1d0664eb068d81c7e19e99237e9"
    integrity sha1-93LERW+v8dBmTrBo2Bx+GemSN+k=
    dependencies:
      "@pixi/constants" "6.0.0"
      "@pixi/core" "6.0.0"
      "@pixi/utils" "6.0.0"
      resource-loader "^3.0.1"
  
  "@pixi/math@6.0.0":
    version "6.0.0"
    resolved "https://r.cnpmjs.org/@pixi/math/download/@pixi/math-6.0.0.tgz#3fade6c46e6087648e53b5265ea8ef45d041b8d6"
    integrity sha1-P63mxG5gh2SOU7UmXqjvRdBBuNY=
  
  "@pixi/mesh-extras@6.0.0":
    version "6.0.0"
    resolved "https://r.cnpmjs.org/@pixi/mesh-extras/download/@pixi/mesh-extras-6.0.0.tgz#9d7e8a48c382bad2978f07a9c13ad5d459dcd664"
    integrity sha1-nX6KSMOCutKXjwepwTrV1Fnc1mQ=
    dependencies:
      "@pixi/constants" "6.0.0"
      "@pixi/core" "6.0.0"
      "@pixi/math" "6.0.0"
      "@pixi/mesh" "6.0.0"
      "@pixi/utils" "6.0.0"
  
  "@pixi/mesh@6.0.0":
    version "6.0.0"
    resolved "https://r.cnpmjs.org/@pixi/mesh/download/@pixi/mesh-6.0.0.tgz#3f771dd63cc41d5dba7d92e0a90e362ccfacd957"
    integrity sha1-P3cd1jzEHV26fZLgqQ42LM+s2Vc=
    dependencies:
      "@pixi/constants" "6.0.0"
      "@pixi/core" "6.0.0"
      "@pixi/display" "6.0.0"
      "@pixi/math" "6.0.0"
      "@pixi/settings" "6.0.0"
      "@pixi/utils" "6.0.0"
  
  "@pixi/mixin-cache-as-bitmap@6.0.0":
    version "6.0.0"
    resolved "https://r.cnpmjs.org/@pixi/mixin-cache-as-bitmap/download/@pixi/mixin-cache-as-bitmap-6.0.0.tgz#a6ef2442a78bf8875bfd962625ac4668f6b8242b"
    integrity sha1-pu8kQqeL+Idb/ZYmJaxGaPa4JCs=
    dependencies:
      "@pixi/canvas-renderer" "6.0.0"
      "@pixi/core" "6.0.0"
      "@pixi/display" "6.0.0"
      "@pixi/math" "6.0.0"
      "@pixi/settings" "6.0.0"
      "@pixi/sprite" "6.0.0"
      "@pixi/utils" "6.0.0"
  
  "@pixi/mixin-get-child-by-name@6.0.0":
    version "6.0.0"
    resolved "https://r.cnpmjs.org/@pixi/mixin-get-child-by-name/download/@pixi/mixin-get-child-by-name-6.0.0.tgz#16022290b8ef34eda1b6c417bb6c616a980d9c0f"
    integrity sha1-FgIikLjvNO2htsQXu2xhapgNnA8=
    dependencies:
      "@pixi/display" "6.0.0"
  
  "@pixi/mixin-get-global-position@6.0.0":
    version "6.0.0"
    resolved "https://r.cnpmjs.org/@pixi/mixin-get-global-position/download/@pixi/mixin-get-global-position-6.0.0.tgz#799a45aca7fc7bff32a7b411492e5cb64eeeae8e"
    integrity sha1-eZpFrKf8e/8yp7QRSS5ctk7uro4=
    dependencies:
      "@pixi/display" "6.0.0"
      "@pixi/math" "6.0.0"
  
  "@pixi/particles@6.0.0":
    version "6.0.0"
    resolved "https://r.cnpmjs.org/@pixi/particles/download/@pixi/particles-6.0.0.tgz#6be189abc79b3f5f0ce5364c5a42b6a02b107dd7"
    integrity sha1-a+GJq8ebP18M5TZMWkK2oCsQfdc=
    dependencies:
      "@pixi/constants" "6.0.0"
      "@pixi/core" "6.0.0"
      "@pixi/display" "6.0.0"
      "@pixi/math" "6.0.0"
      "@pixi/utils" "6.0.0"
  
  "@pixi/polyfill@6.0.0":
    version "6.0.0"
    resolved "https://r.cnpmjs.org/@pixi/polyfill/download/@pixi/polyfill-6.0.0.tgz#f1314cac966dd3784674f8c9ee9d53a9fcd4ebf3"
    integrity sha1-8TFMrJZt03hGdPjJ7p1TqfzU6/M=
    dependencies:
      object-assign "^4.1.1"
      promise-polyfill "^8.2.0"
  
  "@pixi/prepare@6.0.0":
    version "6.0.0"
    resolved "https://r.cnpmjs.org/@pixi/prepare/download/@pixi/prepare-6.0.0.tgz#159ba9a670eafc8d7a74d6fea1b132f285dcc889"
    integrity sha1-FZuppnDq/I16dNb+obEy8oXcyIk=
    dependencies:
      "@pixi/core" "6.0.0"
      "@pixi/display" "6.0.0"
      "@pixi/graphics" "6.0.0"
      "@pixi/settings" "6.0.0"
      "@pixi/text" "6.0.0"
      "@pixi/ticker" "6.0.0"
  
  "@pixi/runner@6.0.0":
    version "6.0.0"
    resolved "https://r.cnpmjs.org/@pixi/runner/download/@pixi/runner-6.0.0.tgz#1b789f957f5c3e7b9ee23ce7e9fa15c14a83a025"
    integrity sha1-G3iflX9cPnue4jzn6foVwUqDoCU=
  
  "@pixi/settings@6.0.0":
    version "6.0.0"
    resolved "https://r.cnpmjs.org/@pixi/settings/download/@pixi/settings-6.0.0.tgz#0e9fde41fb153c47c27f1c5c5a0b26874fc2cd6b"
    integrity sha1-Dp/eQfsVPEfCfxxcWgsmh0/CzWs=
    dependencies:
      ismobilejs "^1.1.0"
  
  "@pixi/sprite-animated@6.0.0":
    version "6.0.0"
    resolved "https://r.cnpmjs.org/@pixi/sprite-animated/download/@pixi/sprite-animated-6.0.0.tgz#69ffcd0d476fe2186b06477ecc485b902d882a0f"
    integrity sha1-af/NDUdv4hhrBkd+zEhbkC2IKg8=
    dependencies:
      "@pixi/core" "6.0.0"
      "@pixi/sprite" "6.0.0"
      "@pixi/ticker" "6.0.0"
  
  "@pixi/sprite-tiling@6.0.0":
    version "6.0.0"
    resolved "https://r.cnpmjs.org/@pixi/sprite-tiling/download/@pixi/sprite-tiling-6.0.0.tgz#d799df0b8993c28c1b99973f74640dae28d138aa"
    integrity sha1-15nfC4mTwowbmZc/dGQNrijROKo=
    dependencies:
      "@pixi/constants" "6.0.0"
      "@pixi/core" "6.0.0"
      "@pixi/display" "6.0.0"
      "@pixi/math" "6.0.0"
      "@pixi/sprite" "6.0.0"
      "@pixi/utils" "6.0.0"
  
  "@pixi/sprite@6.0.0":
    version "6.0.0"
    resolved "https://r.cnpmjs.org/@pixi/sprite/download/@pixi/sprite-6.0.0.tgz#30fcc19207a9b6e206a68fbac96689df1652f88f"
    integrity sha1-MPzBkgeptuIGpo+6yWaJ3xZS+I8=
    dependencies:
      "@pixi/constants" "6.0.0"
      "@pixi/core" "6.0.0"
      "@pixi/display" "6.0.0"
      "@pixi/math" "6.0.0"
      "@pixi/settings" "6.0.0"
      "@pixi/utils" "6.0.0"
  
  "@pixi/spritesheet@6.0.0":
    version "6.0.0"
    resolved "https://r.cnpmjs.org/@pixi/spritesheet/download/@pixi/spritesheet-6.0.0.tgz#609c3bfe24a2ed37baf17037a333806a0460c4e4"
    integrity sha1-YJw7/iSi7Te68XA3ozOAagRgxOQ=
    dependencies:
      "@pixi/core" "6.0.0"
      "@pixi/loaders" "6.0.0"
      "@pixi/math" "6.0.0"
      "@pixi/utils" "6.0.0"
  
  "@pixi/text-bitmap@6.0.0":
    version "6.0.0"
    resolved "https://r.cnpmjs.org/@pixi/text-bitmap/download/@pixi/text-bitmap-6.0.0.tgz#9cdc6a1f683dbcd6f333f293afac9babe2999d91"
    integrity sha1-nNxqH2g9vNbzM/KTr6ybq+KZnZE=
    dependencies:
      "@pixi/core" "6.0.0"
      "@pixi/display" "6.0.0"
      "@pixi/loaders" "6.0.0"
      "@pixi/math" "6.0.0"
      "@pixi/mesh" "6.0.0"
      "@pixi/settings" "6.0.0"
      "@pixi/text" "6.0.0"
      "@pixi/utils" "6.0.0"
  
  "@pixi/text@6.0.0":
    version "6.0.0"
    resolved "https://r.cnpmjs.org/@pixi/text/download/@pixi/text-6.0.0.tgz#406b5e904fad9e2e469b725f87488d7832b1ef43"
    integrity sha1-QGtekE+tni5Gm3Jfh0iNeDKx70M=
    dependencies:
      "@pixi/core" "6.0.0"
      "@pixi/math" "6.0.0"
      "@pixi/settings" "6.0.0"
      "@pixi/sprite" "6.0.0"
      "@pixi/utils" "6.0.0"
  
  "@pixi/ticker@6.0.0":
    version "6.0.0"
    resolved "https://r.cnpmjs.org/@pixi/ticker/download/@pixi/ticker-6.0.0.tgz#884f8d4d856793dd5e0b379c9fa6af6cecff467b"
    integrity sha1-iE+NTYVnk91eCzecn6avbOz/Rns=
    dependencies:
      "@pixi/settings" "6.0.0"
  
  "@pixi/utils@6.0.0":
    version "6.0.0"
    resolved "https://r.cnpmjs.org/@pixi/utils/download/@pixi/utils-6.0.0.tgz#c56cd25f6697ac0a704160521b446888e2fe4472"
    integrity sha1-xWzSX2aXrApwQWBSG0RoiOL+RHI=
    dependencies:
      "@pixi/constants" "6.0.0"
      "@pixi/settings" "6.0.0"
      "@types/earcut" "^2.1.0"
      "@types/node" "^12.0.0"
      earcut "^2.2.2"
      eventemitter3 "^3.1.0"
      url "^0.11.0"
  
  "@types/earcut@^2.1.0":
    version "2.1.1"
    resolved "https://r.cnpmjs.org/@types/earcut/download/@types/earcut-2.1.1.tgz#573a0af609f17005c751f6f4ffec49cfe358ea51"
    integrity sha1-VzoK9gnxcAXHUfb0/+xJz+NY6lE=
  
  "@types/node@^12.0.0":
    version "12.20.4"
    resolved "https://r.cnpmjs.org/@types/node/download/@types/node-12.20.4.tgz#73687043dd00fcb6962c60fbf499553a24d6bdf2"
    integrity sha1-c2hwQ90A/LaWLGD79JlVOiTWvfI=
  
  "@vitejs/plugin-vue@^1.1.5":
    version "1.1.5"
    resolved "https://r.cnpmjs.org/@vitejs/plugin-vue/download/@vitejs/plugin-vue-1.1.5.tgz#fa1e8e5e049c35e213672e33f73fe81706ad5dbe"
    integrity sha1-+h6OXgScNeITZy4z9z/oFwatXb4=
  
  "@vue/compiler-core@3.0.7":
    version "3.0.7"
    resolved "https://r.cnpmjs.org/@vue/compiler-core/download/@vue/compiler-core-3.0.7.tgz#421782a4c67cc3f2b7c30457ef446d74f8524f74"
    integrity sha1-QheCpMZ8w/K3wwRX70RtdPhST3Q=
    dependencies:
      "@babel/parser" "^7.12.0"
      "@babel/types" "^7.12.0"
      "@vue/shared" "3.0.7"
      estree-walker "^2.0.1"
      source-map "^0.6.1"
  
  "@vue/compiler-dom@3.0.7":
    version "3.0.7"
    resolved "https://r.cnpmjs.org/@vue/compiler-dom/download/@vue/compiler-dom-3.0.7.tgz#54d2e12fb9a7aff53abd19dac2c2679533f0c919"
    integrity sha1-VNLhL7mnr/U6vRnawsJnlTPwyRk=
    dependencies:
      "@vue/compiler-core" "3.0.7"
      "@vue/shared" "3.0.7"
  
  "@vue/compiler-sfc@^3.0.5":
    version "3.0.7"
    resolved "https://r.cnpmjs.org/@vue/compiler-sfc/download/@vue/compiler-sfc-3.0.7.tgz#900414750cc726553b870490f48073451fd14f07"
    integrity sha1-kAQUdQzHJlU7hwSQ9IBzRR/RTwc=
    dependencies:
      "@babel/parser" "^7.12.0"
      "@babel/types" "^7.12.0"
      "@vue/compiler-core" "3.0.7"
      "@vue/compiler-dom" "3.0.7"
      "@vue/compiler-ssr" "3.0.7"
      "@vue/shared" "3.0.7"
      consolidate "^0.16.0"
      estree-walker "^2.0.1"
      hash-sum "^2.0.0"
      lru-cache "^5.1.1"
      magic-string "^0.25.7"
      merge-source-map "^1.1.0"
      postcss "^8.1.10"
      postcss-modules "^4.0.0"
      postcss-selector-parser "^6.0.4"
      source-map "^0.6.1"
  
  "@vue/compiler-ssr@3.0.7":
    version "3.0.7"
    resolved "https://r.cnpmjs.org/@vue/compiler-ssr/download/@vue/compiler-ssr-3.0.7.tgz#28b85d497381d75fe44234057b140b0065ca9dbf"
    integrity sha1-KLhdSXOB11/kQjQFexQLAGXKnb8=
    dependencies:
      "@vue/compiler-dom" "3.0.7"
      "@vue/shared" "3.0.7"
  
  "@vue/reactivity@3.0.7":
    version "3.0.7"
    resolved "https://r.cnpmjs.org/@vue/reactivity/download/@vue/reactivity-3.0.7.tgz#e6ccc7bef7fc10b0972e4d974bad71679d3b26ad"
    integrity sha1-5szHvvf8ELCXLk2XS61xZ507Jq0=
    dependencies:
      "@vue/shared" "3.0.7"
  
  "@vue/runtime-core@3.0.7":
    version "3.0.7"
    resolved "https://r.cnpmjs.org/@vue/runtime-core/download/@vue/runtime-core-3.0.7.tgz#d44c0b0a57d7e392912a87362a4430ccf446ecea"
    integrity sha1-1EwLClfX45KRKoc2KkQwzPRG7Oo=
    dependencies:
      "@vue/reactivity" "3.0.7"
      "@vue/shared" "3.0.7"
  
  "@vue/runtime-dom@3.0.7":
    version "3.0.7"
    resolved "https://r.cnpmjs.org/@vue/runtime-dom/download/@vue/runtime-dom-3.0.7.tgz#b70668d729020bc4ad608c20367223f259576ba6"
    integrity sha1-twZo1ykCC8StYIwgNnIj8llXa6Y=
    dependencies:
      "@vue/runtime-core" "3.0.7"
      "@vue/shared" "3.0.7"
      csstype "^2.6.8"
  
  "@vue/shared@3.0.7":
    version "3.0.7"
    resolved "https://r.cnpmjs.org/@vue/shared/download/@vue/shared-3.0.7.tgz#96d52988efc07444c108c7c6803ba7cc93e40045"
    integrity sha1-ltUpiO/AdETBCMfGgDunzJPkAEU=
  
  big.js@^5.2.2:
    version "5.2.2"
    resolved "https://r.cnpmjs.org/big.js/download/big.js-5.2.2.tgz#65f0af382f578bcdc742bd9c281e9cb2d7768328"
    integrity sha1-ZfCvOC9Xi83HQr2cKB6cstd2gyg=
  
  bluebird@^3.7.2:
    version "3.7.2"
    resolved "https://r.cnpmjs.org/bluebird/download/bluebird-3.7.2.tgz#9f229c15be272454ffa973ace0dbee79a1b0c36f"
    integrity sha1-nyKcFb4nJFT/qXOs4NvueaGww28=
  
  colorette@^1.2.2:
    version "1.2.2"
    resolved "https://r.cnpmjs.org/colorette/download/colorette-1.2.2.tgz#cbcc79d5e99caea2dbf10eb3a26fd8b3e6acfa94"
    integrity sha1-y8x51emcrqLb8Q6zom/Ys+as+pQ=
  
  consolidate@^0.16.0:
    version "0.16.0"
    resolved "https://r.cnpmjs.org/consolidate/download/consolidate-0.16.0.tgz#a11864768930f2f19431660a65906668f5fbdc16"
    integrity sha1-oRhkdokw8vGUMWYKZZBmaPX73BY=
    dependencies:
      bluebird "^3.7.2"
  
  cssesc@^3.0.0:
    version "3.0.0"
    resolved "https://r.cnpmjs.org/cssesc/download/cssesc-3.0.0.tgz#37741919903b868565e1c09ea747445cd18983ee"
    integrity sha1-N3QZGZA7hoVl4cCep0dEXNGJg+4=
  
  csstype@^2.6.8:
    version "2.6.16"
    resolved "https://r.cnpmjs.org/csstype/download/csstype-2.6.16.tgz#544d69f547013b85a40d15bff75db38f34fe9c39"
    integrity sha1-VE1p9UcBO4WkDRW/912zjzT+nDk=
  
  earcut@^2.2.2:
    version "2.2.2"
    resolved "https://r.cnpmjs.org/earcut/download/earcut-2.2.2.tgz#41b0bc35f63e0fe80da7cddff28511e7e2e80d11"
    integrity sha1-QbC8NfY+D+gNp83f8oUR5+LoDRE=
  
  emojis-list@^3.0.0:
    version "3.0.0"
    resolved "https://r.cnpmjs.org/emojis-list/download/emojis-list-3.0.0.tgz#5570662046ad29e2e916e71aae260abdff4f6a78"
    integrity sha1-VXBmIEatKeLpFucariYKvf9Pang=
  
  esbuild@^0.8.52:
    version "0.8.56"
    resolved "https://r.cnpmjs.org/esbuild/download/esbuild-0.8.56.tgz#9c7c3d6e614db7367afa348adb0ab287c296735e"
    integrity sha1-nHw9bmFNtzZ6+jSK2wqyh8KWc14=
  
  estree-walker@^2.0.1:
    version "2.0.2"
    resolved "https://r.cnpmjs.org/estree-walker/download/estree-walker-2.0.2.tgz#52f010178c2a4c117a7757cfe942adb7d2da4cac"
    integrity sha1-UvAQF4wqTBF6d1fP6UKtt9LaTKw=
  
  eventemitter3@^3.1.0:
    version "3.1.2"
    resolved "https://r.cnpmjs.org/eventemitter3/download/eventemitter3-3.1.2.tgz#2d3d48f9c346698fce83a85d7d664e98535df6e7"
    integrity sha1-LT1I+cNGaY/Og6hdfWZOmFNd9uc=
  
  fsevents@~2.3.1:
    version "2.3.2"
    resolved "https://r.cnpmjs.org/fsevents/download/fsevents-2.3.2.tgz#8a526f78b8fdf4623b709e0b975c52c24c02fd1a"
    integrity sha1-ilJveLj99GI7cJ4Ll1xSwkwC/Ro=
  
  function-bind@^1.1.1:
    version "1.1.1"
    resolved "https://r.cnpmjs.org/function-bind/download/function-bind-1.1.1.tgz#a56899d3ea3c9bab874bb9773b7c5ede92f4895d"
    integrity sha1-pWiZ0+o8m6uHS7l3O3xe3pL0iV0=
  
  generic-names@^2.0.1:
    version "2.0.1"
    resolved "https://r.cnpmjs.org/generic-names/download/generic-names-2.0.1.tgz#f8a378ead2ccaa7a34f0317b05554832ae41b872"
    integrity sha1-+KN46tLMqno08DF7BVVIMq5BuHI=
    dependencies:
      loader-utils "^1.1.0"
  
  has@^1.0.3:
    version "1.0.3"
    resolved "https://r.cnpmjs.org/has/download/has-1.0.3.tgz#722d7cbfc1f6aa8241f16dd814e011e1f41e8796"
    integrity sha1-ci18v8H2qoJB8W3YFOAR4fQeh5Y=
    dependencies:
      function-bind "^1.1.1"
  
  hash-sum@^2.0.0:
    version "2.0.0"
    resolved "https://r.cnpmjs.org/hash-sum/download/hash-sum-2.0.0.tgz#81d01bb5de8ea4a214ad5d6ead1b523460b0b45a"
    integrity sha1-gdAbtd6OpKIUrV1urRtSNGCwtFo=
  
  icss-replace-symbols@^1.1.0:
    version "1.1.0"
    resolved "https://r.cnpmjs.org/icss-replace-symbols/download/icss-replace-symbols-1.1.0.tgz#06ea6f83679a7749e386cfe1fe812ae5db223ded"
    integrity sha1-Bupvg2ead0njhs/h/oEq5dsiPe0=
  
  icss-utils@^5.0.0:
    version "5.1.0"
    resolved "https://r.cnpmjs.org/icss-utils/download/icss-utils-5.1.0.tgz#c6be6858abd013d768e98366ae47e25d5887b1ae"
    integrity sha1-xr5oWKvQE9do6YNmrkfiXViHsa4=
  
  indexes-of@^1.0.1:
    version "1.0.1"
    resolved "https://r.cnpmjs.org/indexes-of/download/indexes-of-1.0.1.tgz#f30f716c8e2bd346c7b67d3df3915566a7c05607"
    integrity sha1-8w9xbI4r00bHtn0985FVZqfAVgc=
  
  is-core-module@^2.2.0:
    version "2.2.0"
    resolved "https://r.cnpmjs.org/is-core-module/download/is-core-module-2.2.0.tgz#97037ef3d52224d85163f5597b2b63d9afed981a"
    integrity sha1-lwN+89UiJNhRY/VZeytj2a/tmBo=
    dependencies:
      has "^1.0.3"
  
  ismobilejs@^1.1.0:
    version "1.1.1"
    resolved "https://r.cnpmjs.org/ismobilejs/download/ismobilejs-1.1.1.tgz#c56ca0ae8e52b24ca0f22ba5ef3215a2ddbbaa0e"
    integrity sha1-xWygro5Sskyg8iul7zIVot27qg4=
  
  json5@^1.0.1:
    version "1.0.1"
    resolved "https://r.cnpmjs.org/json5/download/json5-1.0.1.tgz#779fb0018604fa854eacbf6252180d83543e3dbe"
    integrity sha1-d5+wAYYE+oVOrL9iUhgNg1Q+Pb4=
    dependencies:
      minimist "^1.2.0"
  
  loader-utils@^1.1.0:
    version "1.4.0"
    resolved "https://r.cnpmjs.org/loader-utils/download/loader-utils-1.4.0.tgz#c579b5e34cb34b1a74edc6c1fb36bfa371d5a613"
    integrity sha1-xXm140yzSxp07cbB+za/o3HVphM=
    dependencies:
      big.js "^5.2.2"
      emojis-list "^3.0.0"
      json5 "^1.0.1"
  
  lodash.camelcase@^4.3.0:
    version "4.3.0"
    resolved "https://r.cnpmjs.org/lodash.camelcase/download/lodash.camelcase-4.3.0.tgz#b28aa6288a2b9fc651035c7711f65ab6190331a6"
    integrity sha1-soqmKIorn8ZRA1x3EfZathkDMaY=
  
  lodash@^4.17.19:
    version "4.17.21"
    resolved "https://r.cnpmjs.org/lodash/download/lodash-4.17.21.tgz#679591c564c3bffaae8454cf0b3df370c3d6911c"
    integrity sha1-Z5WRxWTDv/quhFTPCz3zcMPWkRw=
  
  lru-cache@^5.1.1:
    version "5.1.1"
    resolved "https://r.cnpmjs.org/lru-cache/download/lru-cache-5.1.1.tgz#1da27e6710271947695daf6848e847f01d84b920"
    integrity sha1-HaJ+ZxAnGUdpXa9oSOhH8B2EuSA=
    dependencies:
      yallist "^3.0.2"
  
  magic-string@^0.25.7:
    version "0.25.7"
    resolved "https://r.cnpmjs.org/magic-string/download/magic-string-0.25.7.tgz#3f497d6fd34c669c6798dcb821f2ef31f5445051"
    integrity sha1-P0l9b9NMZpxnmNy4IfLvMfVEUFE=
    dependencies:
      sourcemap-codec "^1.4.4"
  
  merge-source-map@^1.1.0:
    version "1.1.0"
    resolved "https://r.cnpmjs.org/merge-source-map/download/merge-source-map-1.1.0.tgz#2fdde7e6020939f70906a68f2d7ae685e4c8c646"
    integrity sha1-L93n5gIJOfcJBqaPLXrmheTIxkY=
    dependencies:
      source-map "^0.6.1"
  
  mini-signals@^1.2.0:
    version "1.2.0"
    resolved "https://r.cnpmjs.org/mini-signals/download/mini-signals-1.2.0.tgz#45b08013c5fae51a24aa1a935cd317c9ed721d74"
    integrity sha1-RbCAE8X65RokqhqTXNMXye1yHXQ=
  
  minimist@^1.2.0:
    version "1.2.5"
    resolved "https://r.cnpmjs.org/minimist/download/minimist-1.2.5.tgz#67d66014b66a6a8aaa0c083c5fd58df4e4e97602"
    integrity sha1-Z9ZgFLZqaoqqDAg8X9WN9OTpdgI=
  
  mitt@^2.1.0:
    version "2.1.0"
    resolved "https://r.cnpmjs.org/mitt/download/mitt-2.1.0.tgz#f740577c23176c6205b121b2973514eade1b2230"
    integrity sha1-90BXfCMXbGIFsSGylzUU6t4bIjA=
  
  nanoid@^3.1.20:
    version "3.1.20"
    resolved "https://r.cnpmjs.org/nanoid/download/nanoid-3.1.20.tgz#badc263c6b1dcf14b71efaa85f6ab4c1d6cfc788"
    integrity sha1-utwmPGsdzxS3HvqoX2q0wdbPx4g=
  
  object-assign@^4.1.1:
    version "4.1.1"
    resolved "https://r.cnpmjs.org/object-assign/download/object-assign-4.1.1.tgz#2109adc7965887cfc05cbbd442cac8bfbb360863"
    integrity sha1-IQmtx5ZYh8/AXLvUQsrIv7s2CGM=
  
  parse-uri@^1.0.0:
    version "1.0.3"
    resolved "https://r.cnpmjs.org/parse-uri/download/parse-uri-1.0.3.tgz#f3c24a74907a4e357c1741e96ca9faadecfd6db5"
    integrity sha1-88JKdJB6TjV8F0HpbKn6rez9bbU=
  
  path-parse@^1.0.6:
    version "1.0.6"
    resolved "https://r.cnpmjs.org/path-parse/download/path-parse-1.0.6.tgz#d62dbb5679405d72c4737ec58600e9ddcf06d24c"
    integrity sha1-1i27VnlAXXLEc37FhgDp3c8G0kw=
  
  pixi-multistyle-text@^0.10.0:
    version "0.10.0"
    resolved "https://registry.yarnpkg.com/pixi-multistyle-text/-/pixi-multistyle-text-0.10.0.tgz#4134c96604e837166eafcdf6f65f886f9af7f469"
    integrity sha512-1OB/+QDkdUAZlm3DaNTYkDEN8VI0uIUgblhD46cxC3CRcrz0yUYFhmX+aYx9hbg8pV1rATQTUEbsXq1tmnvc7Q==
  
  pixi-text-input@^1.0.6:
    version "1.0.6"
    resolved "https://r.cnpmjs.org/pixi-text-input/download/pixi-text-input-1.0.6.tgz#d826de4f2d1db9da3dc59fcdf7e4c2c755e3ac57"
    integrity sha1-2CbeTy0dudo9xZ/N9+TCx1XjrFc=
  
  pixi.js@^6.0.0:
    version "6.0.0"
    resolved "https://r.cnpmjs.org/pixi.js/download/pixi.js-6.0.0.tgz#d77b98f2f52e978d1b17a984ebb6a53935b9d2e7"
    integrity sha1-13uY8vUul40bF6mE67alOTW50uc=
    dependencies:
      "@pixi/accessibility" "6.0.0"
      "@pixi/app" "6.0.0"
      "@pixi/compressed-textures" "6.0.0"
      "@pixi/constants" "6.0.0"
      "@pixi/core" "6.0.0"
      "@pixi/display" "6.0.0"
      "@pixi/extract" "6.0.0"
      "@pixi/filter-alpha" "6.0.0"
      "@pixi/filter-blur" "6.0.0"
      "@pixi/filter-color-matrix" "6.0.0"
      "@pixi/filter-displacement" "6.0.0"
      "@pixi/filter-fxaa" "6.0.0"
      "@pixi/filter-noise" "6.0.0"
      "@pixi/graphics" "6.0.0"
      "@pixi/interaction" "6.0.0"
      "@pixi/loaders" "6.0.0"
      "@pixi/math" "6.0.0"
      "@pixi/mesh" "6.0.0"
      "@pixi/mesh-extras" "6.0.0"
      "@pixi/mixin-cache-as-bitmap" "6.0.0"
      "@pixi/mixin-get-child-by-name" "6.0.0"
      "@pixi/mixin-get-global-position" "6.0.0"
      "@pixi/particles" "6.0.0"
      "@pixi/polyfill" "6.0.0"
      "@pixi/prepare" "6.0.0"
      "@pixi/runner" "6.0.0"
      "@pixi/settings" "6.0.0"
      "@pixi/sprite" "6.0.0"
      "@pixi/sprite-animated" "6.0.0"
      "@pixi/sprite-tiling" "6.0.0"
      "@pixi/spritesheet" "6.0.0"
      "@pixi/text" "6.0.0"
      "@pixi/text-bitmap" "6.0.0"
      "@pixi/ticker" "6.0.0"
      "@pixi/utils" "6.0.0"
  
  postcss-modules-extract-imports@^3.0.0:
    version "3.0.0"
    resolved "https://r.cnpmjs.org/postcss-modules-extract-imports/download/postcss-modules-extract-imports-3.0.0.tgz#cda1f047c0ae80c97dbe28c3e76a43b88025741d"
    integrity sha1-zaHwR8CugMl9vijD52pDuIAldB0=
  
  postcss-modules-local-by-default@^4.0.0:
    version "4.0.0"
    resolved "https://r.cnpmjs.org/postcss-modules-local-by-default/download/postcss-modules-local-by-default-4.0.0.tgz#ebbb54fae1598eecfdf691a02b3ff3b390a5a51c"
    integrity sha1-67tU+uFZjuz99pGgKz/zs5ClpRw=
    dependencies:
      icss-utils "^5.0.0"
      postcss-selector-parser "^6.0.2"
      postcss-value-parser "^4.1.0"
  
  postcss-modules-scope@^3.0.0:
    version "3.0.0"
    resolved "https://r.cnpmjs.org/postcss-modules-scope/download/postcss-modules-scope-3.0.0.tgz#9ef3151456d3bbfa120ca44898dfca6f2fa01f06"
    integrity sha1-nvMVFFbTu/oSDKRImN/Kby+gHwY=
    dependencies:
      postcss-selector-parser "^6.0.4"
  
  postcss-modules-values@^4.0.0:
    version "4.0.0"
    resolved "https://r.cnpmjs.org/postcss-modules-values/download/postcss-modules-values-4.0.0.tgz#d7c5e7e68c3bb3c9b27cbf48ca0bb3ffb4602c9c"
    integrity sha1-18Xn5ow7s8myfL9Iyguz/7RgLJw=
    dependencies:
      icss-utils "^5.0.0"
  
  postcss-modules@^4.0.0:
    version "4.0.0"
    resolved "https://r.cnpmjs.org/postcss-modules/download/postcss-modules-4.0.0.tgz#2bc7f276ab88f3f1b0fadf6cbd7772d43b5f3b9b"
    integrity sha1-K8fydquI8/Gw+t9svXdy1DtfO5s=
    dependencies:
      generic-names "^2.0.1"
      icss-replace-symbols "^1.1.0"
      lodash.camelcase "^4.3.0"
      postcss-modules-extract-imports "^3.0.0"
      postcss-modules-local-by-default "^4.0.0"
      postcss-modules-scope "^3.0.0"
      postcss-modules-values "^4.0.0"
      string-hash "^1.1.1"
  
  postcss-selector-parser@^6.0.2, postcss-selector-parser@^6.0.4:
    version "6.0.4"
    resolved "https://r.cnpmjs.org/postcss-selector-parser/download/postcss-selector-parser-6.0.4.tgz#56075a1380a04604c38b063ea7767a129af5c2b3"
    integrity sha1-VgdaE4CgRgTDiwY+p3Z6Epr1wrM=
    dependencies:
      cssesc "^3.0.0"
      indexes-of "^1.0.1"
      uniq "^1.0.1"
      util-deprecate "^1.0.2"
  
  postcss-value-parser@^4.1.0:
    version "4.1.0"
    resolved "https://r.cnpmjs.org/postcss-value-parser/download/postcss-value-parser-4.1.0.tgz#443f6a20ced6481a2bda4fa8532a6e55d789a2cb"
    integrity sha1-RD9qIM7WSBor2k+oUypuVdeJoss=
  
  postcss@^8.1.10, postcss@^8.2.1:
    version "8.2.7"
    resolved "https://r.cnpmjs.org/postcss/download/postcss-8.2.7.tgz#48ed8d88b4de10afa0dfd1c3f840aa57b55c4d47"
    integrity sha1-SO2NiLTeEK+g39HD+ECqV7VcTUc=
    dependencies:
      colorette "^1.2.2"
      nanoid "^3.1.20"
      source-map "^0.6.1"
  
  promise-polyfill@^8.2.0:
    version "8.2.0"
    resolved "https://r.cnpmjs.org/promise-polyfill/download/promise-polyfill-8.2.0.tgz#367394726da7561457aba2133c9ceefbd6267da0"
    integrity sha1-NnOUcm2nVhRXq6ITPJzu+9YmfaA=
  
  punycode@1.3.2:
    version "1.3.2"
    resolved "https://r.cnpmjs.org/punycode/download/punycode-1.3.2.tgz#9653a036fb7c1ee42342f2325cceefea3926c48d"
    integrity sha1-llOgNvt8HuQjQvIyXM7v6jkmxI0=
  
  querystring@0.2.0:
    version "0.2.0"
    resolved "https://r.cnpmjs.org/querystring/download/querystring-0.2.0.tgz#b209849203bb25df820da756e747005878521620"
    integrity sha1-sgmEkgO7Jd+CDadW50cAWHhSFiA=
  
  resolve@^1.19.0:
    version "1.20.0"
    resolved "https://r.cnpmjs.org/resolve/download/resolve-1.20.0.tgz#629a013fb3f70755d6f0b7935cc1c2c5378b1975"
    integrity sha1-YpoBP7P3B1XW8LeTXMHCxTeLGXU=
    dependencies:
      is-core-module "^2.2.0"
      path-parse "^1.0.6"
  
  resource-loader@^3.0.1:
    version "3.0.1"
    resolved "https://r.cnpmjs.org/resource-loader/download/resource-loader-3.0.1.tgz#33355bb5421e2994f59454bbc7f6dbff8df06d47"
    integrity sha1-MzVbtUIeKZT1lFS7x/bb/43wbUc=
    dependencies:
      mini-signals "^1.2.0"
      parse-uri "^1.0.0"
  
  rollup@^2.38.5:
    version "2.40.0"
    resolved "https://r.cnpmjs.org/rollup/download/rollup-2.40.0.tgz#efc218eaede7ab590954df50f96195188999c304"
    integrity sha1-78IY6u3nq1kJVN9Q+WGVGImZwwQ=
    optionalDependencies:
      fsevents "~2.3.1"
  
  source-map@^0.6.1:
    version "0.6.1"
    resolved "https://r.cnpmjs.org/source-map/download/source-map-0.6.1.tgz#74722af32e9614e9c287a8d0bbde48b5e2f1a263"
    integrity sha1-dHIq8y6WFOnCh6jQu95IteLxomM=
  
  sourcemap-codec@^1.4.4:
    version "1.4.8"
    resolved "https://r.cnpmjs.org/sourcemap-codec/download/sourcemap-codec-1.4.8.tgz#ea804bd94857402e6992d05a38ef1ae35a9ab4c4"
    integrity sha1-6oBL2UhXQC5pktBaOO8a41qatMQ=
  
  string-hash@^1.1.1:
    version "1.1.3"
    resolved "https://r.cnpmjs.org/string-hash/download/string-hash-1.1.3.tgz#e8aafc0ac1855b4666929ed7dd1275df5d6c811b"
    integrity sha1-6Kr8CsGFW0Zmkp7X3RJ1311sgRs=
  
  to-fast-properties@^2.0.0:
    version "2.0.0"
    resolved "https://r.cnpmjs.org/to-fast-properties/download/to-fast-properties-2.0.0.tgz#dc5e698cbd079265bc73e0377681a4e4e83f616e"
    integrity sha1-3F5pjL0HkmW8c+A3doGk5Og/YW4=
  
  typescript@^4.1.3:
    version "4.2.3"
    resolved "https://r.cnpmjs.org/typescript/download/typescript-4.2.3.tgz#39062d8019912d43726298f09493d598048c1ce3"
    integrity sha1-OQYtgBmRLUNyYpjwlJPVmASMHOM=
  
  uniq@^1.0.1:
    version "1.0.1"
    resolved "https://r.cnpmjs.org/uniq/download/uniq-1.0.1.tgz#b31c5ae8254844a3a8281541ce2b04b865a734ff"
    integrity sha1-sxxa6CVIRKOoKBVBzisEuGWnNP8=
  
  url@^0.11.0:
    version "0.11.0"
    resolved "https://r.cnpmjs.org/url/download/url-0.11.0.tgz#3838e97cfc60521eb73c525a8e55bfdd9e2e28f1"
    integrity sha1-ODjpfPxgUh63PFJajlW/3Z4uKPE=
    dependencies:
      punycode "1.3.2"
      querystring "0.2.0"
  
  util-deprecate@^1.0.2:
    version "1.0.2"
    resolved "https://r.cnpmjs.org/util-deprecate/download/util-deprecate-1.0.2.tgz#450d4dc9fa70de732762fbd2d4a28981419a0ccf"
    integrity sha1-RQ1Nyfpw3nMnYvvS1KKJgUGaDM8=
  
  vite@^2.0.5:
    version "2.0.5"
    resolved "https://r.cnpmjs.org/vite/download/vite-2.0.5.tgz#ac46857a3fa8686d077921e61bd48a986931df1d"
    integrity sha1-rEaFej+oaG0HeSHmG9SKmGkx3x0=
    dependencies:
      esbuild "^0.8.52"
      postcss "^8.2.1"
      resolve "^1.19.0"
      rollup "^2.38.5"
    optionalDependencies:
      fsevents "~2.3.1"
  
  vue@^3.0.5:
    version "3.0.7"
    resolved "https://r.cnpmjs.org/vue/download/vue-3.0.7.tgz#8bcff51f8be570f9e4ce8cc5f52e2ab0fe3c74a1"
    integrity sha1-i8/1H4vlcPnkzozF9S4qsP48dKE=
    dependencies:
      "@vue/compiler-dom" "3.0.7"
      "@vue/runtime-dom" "3.0.7"
      "@vue/shared" "3.0.7"
  
  yallist@^3.0.2:
    version "3.1.1"
    resolved "https://r.cnpmjs.org/yallist/download/yallist-3.1.1.tgz#dbb7daf9bfd8bac9ab45ebf602b8cbad0d5d08fd"
    integrity sha1-27fa+b/YusmrRev2ArjLrQ1dCP0=
